<?xml version="1.0" encoding="UTF-8"?>
<!-- Generated by org.testng.reporters.JUnitXMLReporter -->
<testsuite ignored="2" hostname="a-kapranchuk-pc" failures="0" tests="3" name="Surefire test" time="2.659" errors="0" timestamp="20 січ. 2021 15:34:03 GMT">
  <testcase classname="tests.LoginPageTest" name="@BeforeMethod setUp" time="0.03">
    <failure type="java.lang.VerifyError" message="Expecting a stackmap frame at branch target 37
Exception Details:
  Location:
    pages/home/LoginPage.TypeInInvalidUserName()V @9: invokestatic
  Reason:
    Expected stackmap frame at this location.
  Bytecode:
    0000000: b200 b72a 2ab8 0094 4cb8 009a 2bb6 009e
    0000010: 2ab4 004a 04bd 004d 5903 125c 53b9 0051
    0000020: 0200 a700 0d4d b800 9a2c b600 a22c bfb8
    0000030: 009a b600 a5b1                         
  Exception Handler Table:
    bci [9, 37] =&amp;gt; handler: 37
">
      <![CDATA[java.lang.VerifyError: Expecting a stackmap frame at branch target 37
Exception Details:
  Location:
    pages/home/LoginPage.TypeInInvalidUserName()V @9: invokestatic
  Reason:
    Expected stackmap frame at this location.
  Bytecode:
    0000000: b200 b72a 2ab8 0094 4cb8 009a 2bb6 009e
    0000010: 2ab4 004a 04bd 004d 5903 125c 53b9 0051
    0000020: 0200 a700 0d4d b800 9a2c b600 a22c bfb8
    0000030: 009a b600 a5b1                         
  Exception Handler Table:
    bci [9, 37] => handler: 37

at tests.LoginPageTest.setUp(LoginPageTest.java:20)
... Removed 32 stack frames]]>
    </failure>
  </testcase> <!-- @BeforeMethod setUp -->
  <testcase classname="tests.LoginPageInvalidTest" name="@BeforeMethod setUp" time="0.0">
    <failure type="java.lang.VerifyError" message="Expecting a stackmap frame at branch target 37
Exception Details:
  Location:
    pages/home/LoginPage.TypeInInvalidUserName()V @9: invokestatic
  Reason:
    Expected stackmap frame at this location.
  Bytecode:
    0000000: b200 b72a 2ab8 0094 4cb8 009a 2bb6 009e
    0000010: 2ab4 004a 04bd 004d 5903 125c 53b9 0051
    0000020: 0200 a700 0d4d b800 9a2c b600 a22c bfb8
    0000030: 009a b600 a5b1                         
  Exception Handler Table:
    bci [9, 37] =&amp;gt; handler: 37
">
      <![CDATA[java.lang.VerifyError: Expecting a stackmap frame at branch target 37
Exception Details:
  Location:
    pages/home/LoginPage.TypeInInvalidUserName()V @9: invokestatic
  Reason:
    Expected stackmap frame at this location.
  Bytecode:
    0000000: b200 b72a 2ab8 0094 4cb8 009a 2bb6 009e
    0000010: 2ab4 004a 04bd 004d 5903 125c 53b9 0051
    0000020: 0200 a700 0d4d b800 9a2c b600 a22c bfb8
    0000030: 009a b600 a5b1                         
  Exception Handler Table:
    bci [9, 37] => handler: 37

at tests.LoginPageInvalidTest.setUp(LoginPageInvalidTest.java:20)
... Removed 32 stack frames]]>
    </failure>
  </testcase> <!-- @BeforeMethod setUp -->
  <testcase classname="tests.LoginPageLogoutTest" name="@BeforeMethod setUp" time="0.0">
    <failure type="java.lang.VerifyError" message="Expecting a stackmap frame at branch target 37
Exception Details:
  Location:
    pages/home/LoginPage.TypeInInvalidUserName()V @9: invokestatic
  Reason:
    Expected stackmap frame at this location.
  Bytecode:
    0000000: b200 b72a 2ab8 0094 4cb8 009a 2bb6 009e
    0000010: 2ab4 004a 04bd 004d 5903 125c 53b9 0051
    0000020: 0200 a700 0d4d b800 9a2c b600 a22c bfb8
    0000030: 009a b600 a5b1                         
  Exception Handler Table:
    bci [9, 37] =&amp;gt; handler: 37
">
      <![CDATA[java.lang.VerifyError: Expecting a stackmap frame at branch target 37
Exception Details:
  Location:
    pages/home/LoginPage.TypeInInvalidUserName()V @9: invokestatic
  Reason:
    Expected stackmap frame at this location.
  Bytecode:
    0000000: b200 b72a 2ab8 0094 4cb8 009a 2bb6 009e
    0000010: 2ab4 004a 04bd 004d 5903 125c 53b9 0051
    0000020: 0200 a700 0d4d b800 9a2c b600 a22c bfb8
    0000030: 009a b600 a5b1                         
  Exception Handler Table:
    bci [9, 37] => handler: 37

at tests.LoginPageLogoutTest.setUp(LoginPageLogoutTest.java:18)
... Removed 32 stack frames]]>
    </failure>
  </testcase> <!-- @BeforeMethod setUp -->
  <testcase classname="tests.LoginPageTest" name="LoginTest" time="0.0">
    <skipped/>
  </testcase> <!-- LoginTest -->
  <testcase classname="tests.LoginPageInvalidTest" name="InvalidDataLoginTest" time="0.0">
    <skipped/>
  </testcase> <!-- InvalidDataLoginTest -->
  <testcase classname="tests.LoginPageLogoutTest" name="LogoutTest" time="0.0">
    <skipped/>
  </testcase> <!-- LogoutTest -->
  <testcase classname="common.BaseTest" name="@BeforeTest initialization" time="0.0">
    <ignored/>
  </testcase> <!-- @BeforeTest initialization -->
  <testcase classname="common.BaseTest" name="@BeforeTest initialization" time="0.0">
    <ignored/>
  </testcase> <!-- @BeforeTest initialization -->
</testsuite> <!-- Surefire test -->
