{"name":"RequestMedicationTest","status":"broken","statusDetails":{"known":false,"muted":false,"flaky":false,"message":"no such element: Unable to locate element: {\"method\":\"xpath\",\"selector\":\"//button[contains(@class,'btn btn-primary on-white disabled-btn')]\"}\n  (Session info: chrome=87.0.4280.141)\nFor documentation on this error, please visit: https://www.seleniumhq.org/exceptions/no_such_element.html\nBuild info: version: '3.141.59', revision: 'e82be7d358', time: '2018-11-14T08:17:03'\nSystem info: host: 'A-KAPRANCHUK-PC', ip: '10.62.52.17', os.name: 'Windows 10', os.arch: 'amd64', os.version: '10.0', java.version: '15.0.1'\nDriver info: org.openqa.selenium.chrome.ChromeDriver\nCapabilities {acceptInsecureCerts: false, browserName: chrome, browserVersion: 87.0.4280.141, chrome: {chromedriverVersion: 86.0.4240.22 (398b0743353ff..., userDataDir: C:\\Users\\AKAPRA~1\\AppData\\L...}, goog:chromeOptions: {debuggerAddress: localhost:19480}, javascriptEnabled: true, networkConnectionEnabled: false, pageLoadStrategy: normal, platform: WINDOWS, platformName: WINDOWS, proxy: Proxy(), setWindowRect: true, strictFileInteractability: false, timeouts: {implicit: 0, pageLoad: 300000, script: 30000}, unhandledPromptBehavior: dismiss and notify, webauthn:virtualAuthenticators: true}\nSession ID: e69fff29f4e9d1c01458d07fd6bfec50\n*** Element info: {Using=xpath, value=//button[contains(@class,'btn btn-primary on-white disabled-btn')]}","trace":"org.openqa.selenium.NoSuchElementException: no such element: Unable to locate element: {\"method\":\"xpath\",\"selector\":\"//button[contains(@class,'btn btn-primary on-white disabled-btn')]\"}\n  (Session info: chrome=87.0.4280.141)\nFor documentation on this error, please visit: https://www.seleniumhq.org/exceptions/no_such_element.html\nBuild info: version: '3.141.59', revision: 'e82be7d358', time: '2018-11-14T08:17:03'\nSystem info: host: 'A-KAPRANCHUK-PC', ip: '10.62.52.17', os.name: 'Windows 10', os.arch: 'amd64', os.version: '10.0', java.version: '15.0.1'\nDriver info: org.openqa.selenium.chrome.ChromeDriver\nCapabilities {acceptInsecureCerts: false, browserName: chrome, browserVersion: 87.0.4280.141, chrome: {chromedriverVersion: 86.0.4240.22 (398b0743353ff..., userDataDir: C:\\Users\\AKAPRA~1\\AppData\\L...}, goog:chromeOptions: {debuggerAddress: localhost:19480}, javascriptEnabled: true, networkConnectionEnabled: false, pageLoadStrategy: normal, platform: WINDOWS, platformName: WINDOWS, proxy: Proxy(), setWindowRect: true, strictFileInteractability: false, timeouts: {implicit: 0, pageLoad: 300000, script: 30000}, unhandledPromptBehavior: dismiss and notify, webauthn:virtualAuthenticators: true}\nSession ID: e69fff29f4e9d1c01458d07fd6bfec50\n*** Element info: {Using=xpath, value=//button[contains(@class,'btn btn-primary on-white disabled-btn')]}\r\n\tat java.base/jdk.internal.reflect.NativeConstructorAccessorImpl.newInstance0(Native Method)\r\n\tat java.base/jdk.internal.reflect.NativeConstructorAccessorImpl.newInstance(NativeConstructorAccessorImpl.java:64)\r\n\tat java.base/jdk.internal.reflect.DelegatingConstructorAccessorImpl.newInstance(DelegatingConstructorAccessorImpl.java:45)\r\n\tat java.base/java.lang.reflect.Constructor.newInstanceWithCaller(Constructor.java:500)\r\n\tat java.base/java.lang.reflect.Constructor.newInstance(Constructor.java:481)\r\n\tat org.openqa.selenium.remote.http.W3CHttpResponseCodec.createException(W3CHttpResponseCodec.java:187)\r\n\tat org.openqa.selenium.remote.http.W3CHttpResponseCodec.decode(W3CHttpResponseCodec.java:122)\r\n\tat org.openqa.selenium.remote.http.W3CHttpResponseCodec.decode(W3CHttpResponseCodec.java:49)\r\n\tat org.openqa.selenium.remote.HttpCommandExecutor.execute(HttpCommandExecutor.java:158)\r\n\tat org.openqa.selenium.remote.service.DriverCommandExecutor.execute(DriverCommandExecutor.java:83)\r\n\tat org.openqa.selenium.remote.RemoteWebDriver.execute(RemoteWebDriver.java:552)\r\n\tat org.openqa.selenium.remote.RemoteWebDriver.findElement(RemoteWebDriver.java:323)\r\n\tat org.openqa.selenium.remote.RemoteWebDriver.findElementByXPath(RemoteWebDriver.java:428)\r\n\tat org.openqa.selenium.By$ByXPath.findElement(By.java:353)\r\n\tat org.openqa.selenium.remote.RemoteWebDriver.findElement(RemoteWebDriver.java:315)\r\n\tat org.openqa.selenium.support.pagefactory.DefaultElementLocator.findElement(DefaultElementLocator.java:69)\r\n\tat org.openqa.selenium.support.pagefactory.internal.LocatingElementHandler.invoke(LocatingElementHandler.java:38)\r\n\tat com.sun.proxy.$Proxy11.click(Unknown Source)\r\n\tat pages.home.NewMedicationRequestPage.ClickAdd(NewMedicationRequestPage.java:91)\r\n\tat tests.RequestMedicationTest.RequestMedicationTest(RequestMedicationTest.java:73)\r\n\tat java.base/jdk.internal.reflect.NativeMethodAccessorImpl.invoke0(Native Method)\r\n\tat java.base/jdk.internal.reflect.NativeMethodAccessorImpl.invoke(NativeMethodAccessorImpl.java:64)\r\n\tat java.base/jdk.internal.reflect.DelegatingMethodAccessorImpl.invoke(DelegatingMethodAccessorImpl.java:43)\r\n\tat java.base/java.lang.reflect.Method.invoke(Method.java:564)\r\n\tat org.testng.internal.MethodInvocationHelper.invokeMethod(MethodInvocationHelper.java:124)\r\n\tat org.testng.internal.Invoker.invokeMethod(Invoker.java:583)\r\n\tat org.testng.internal.Invoker.invokeTestMethod(Invoker.java:719)\r\n\tat org.testng.internal.Invoker.invokeTestMethods(Invoker.java:989)\r\n\tat org.testng.internal.TestMethodWorker.invokeTestMethods(TestMethodWorker.java:125)\r\n\tat org.testng.internal.TestMethodWorker.run(TestMethodWorker.java:109)\r\n\tat org.testng.TestRunner.privateRun(TestRunner.java:648)\r\n\tat org.testng.TestRunner.run(TestRunner.java:505)\r\n\tat org.testng.SuiteRunner.runTest(SuiteRunner.java:455)\r\n\tat org.testng.SuiteRunner.runSequentially(SuiteRunner.java:450)\r\n\tat org.testng.SuiteRunner.privateRun(SuiteRunner.java:415)\r\n\tat org.testng.SuiteRunner.run(SuiteRunner.java:364)\r\n\tat org.testng.SuiteRunnerWorker.runSuite(SuiteRunnerWorker.java:52)\r\n\tat org.testng.SuiteRunnerWorker.run(SuiteRunnerWorker.java:84)\r\n\tat org.testng.TestNG.runSuitesSequentially(TestNG.java:1208)\r\n\tat org.testng.TestNG.runSuitesLocally(TestNG.java:1137)\r\n\tat org.testng.TestNG.runSuites(TestNG.java:1049)\r\n\tat org.testng.TestNG.run(TestNG.java:1017)\r\n\tat com.intellij.rt.testng.IDEARemoteTestNG.run(IDEARemoteTestNG.java:66)\r\n\tat com.intellij.rt.testng.RemoteTestNGStarter.main(RemoteTestNGStarter.java:109)\r\n"},"stage":"finished","steps":[{"name":"Page title wait","status":"passed","stage":"finished","steps":[],"attachments":[],"parameters":[],"start":1611328859282,"stop":1611328859939},{"name":"Type in Username","status":"passed","stage":"finished","steps":[],"attachments":[],"parameters":[],"start":1611328859940,"stop":1611328860102},{"name":"Type in Password","status":"passed","stage":"finished","steps":[],"attachments":[],"parameters":[],"start":1611328860102,"stop":1611328860217},{"name":"Sign in","status":"passed","stage":"finished","steps":[],"attachments":[],"parameters":[],"start":1611328860217,"stop":1611328860285},{"name":"Wait for title","status":"passed","stage":"finished","steps":[],"attachments":[],"parameters":[],"start":1611328860285,"stop":1611328860323},{"name":"Click Medication","status":"passed","stage":"finished","steps":[],"attachments":[],"parameters":[],"start":1611328860324,"stop":1611328860799},{"name":"Wait for Requests","status":"passed","stage":"finished","steps":[],"attachments":[],"parameters":[],"start":1611328860799,"stop":1611328862870},{"name":"Verify the Request is present","status":"passed","stage":"finished","steps":[],"attachments":[],"parameters":[],"start":1611328862870,"stop":1611328862907},{"name":"Verify the Completed is present","status":"passed","stage":"finished","steps":[],"attachments":[],"parameters":[],"start":1611328862911,"stop":1611328862948},{"name":"Verify the NewRequest is present","status":"passed","stage":"finished","steps":[],"attachments":[],"parameters":[],"start":1611328862949,"stop":1611328862980},{"name":"Verify the ReturnMedication is present","status":"passed","stage":"finished","steps":[],"attachments":[],"parameters":[],"start":1611328862981,"stop":1611328863007},{"name":"Click New NewRequest","status":"passed","stage":"finished","steps":[],"attachments":[],"parameters":[],"start":1611328863008,"stop":1611328863234},{"name":"Type in by hands Patient ","status":"passed","stage":"finished","steps":[],"attachments":[],"parameters":[{"name":"webElement","value":"[[ChromeDriver: chrome on WINDOWS (e69fff29f4e9d1c01458d07fd6bfec50)] -> xpath: /html/body/div[1]/div/div[2]/div/div/div[1]/form/div[1]/div[1]/div/span/input[2]]"},{"name":"text","value":"Test Patient"}],"start":1611328863249,"stop":1611328868637},{"name":"Select “Test Patient - P00201” from dropdown ","status":"passed","stage":"finished","steps":[],"attachments":[],"parameters":[],"start":1611328868637,"stop":1611328868690},{"name":"Selecet Visit","status":"passed","stage":"finished","steps":[],"attachments":[],"parameters":[],"start":1611328868695,"stop":1611328870748},{"name":"Type in by hands Pramoxine","status":"passed","stage":"finished","steps":[],"attachments":[],"parameters":[{"name":"webElement","value":"[[ChromeDriver: chrome on WINDOWS (e69fff29f4e9d1c01458d07fd6bfec50)] -> xpath: /html/body/div[1]/div/div[2]/div/div/div[1]/form/div[2]/div/span/input[2]]"},{"name":"text","value":"Pramoxine"}],"start":1611328870759,"stop":1611328874840},{"name":"Select Medication ","status":"passed","stage":"finished","steps":[],"attachments":[],"parameters":[],"start":1611328874840,"stop":1611328874887},{"name":"Send keys Prescription","status":"passed","stage":"finished","steps":[],"attachments":[],"parameters":[],"start":1611328874887,"stop":1611328875083},{"name":"Dell all data","status":"passed","stage":"finished","steps":[],"attachments":[],"parameters":[],"start":1611328875083,"stop":1611328875172},{"name":"Get Prescription Date","status":"passed","stage":"finished","steps":[],"attachments":[],"parameters":[],"start":1611328875172,"stop":1611328875175},{"name":"Type random number Quantity Requested","status":"passed","stage":"finished","steps":[],"attachments":[],"parameters":[],"start":1611328875268,"stop":1611328875348},{"name":"Refills","status":"passed","stage":"finished","steps":[],"attachments":[],"parameters":[],"start":1611328875420,"stop":1611328875479},{"name":"Click Add","status":"broken","statusDetails":{"known":false,"muted":false,"flaky":false,"message":"no such element: Unable to locate element: {\"method\":\"xpath\",\"selector\":\"//button[contains(@class,'btn btn-primary on-white disabled-btn')]\"}\n  (Session info: chrome=87.0.4280.141)\nFor documentation on this error, please visit: https://www.seleniumhq.org/exceptions/no_such_element.html\nBuild info: version: '3.141.59', revision: 'e82be7d358', time: '2018-11-14T08:17:03'\nSystem info: host: 'A-KAPRANCHUK-PC', ip: '10.62.52.17', os.name: 'Windows 10', os.arch: 'amd64', os.version: '10.0', java.version: '15.0.1'\nDriver info: org.openqa.selenium.chrome.ChromeDriver\nCapabilities {acceptInsecureCerts: false, browserName: chrome, browserVersion: 87.0.4280.141, chrome: {chromedriverVersion: 86.0.4240.22 (398b0743353ff..., userDataDir: C:\\Users\\AKAPRA~1\\AppData\\L...}, goog:chromeOptions: {debuggerAddress: localhost:19480}, javascriptEnabled: true, networkConnectionEnabled: false, pageLoadStrategy: normal, platform: WINDOWS, platformName: WINDOWS, proxy: Proxy(), setWindowRect: true, strictFileInteractability: false, timeouts: {implicit: 0, pageLoad: 300000, script: 30000}, unhandledPromptBehavior: dismiss and notify, webauthn:virtualAuthenticators: true}\nSession ID: e69fff29f4e9d1c01458d07fd6bfec50\n*** Element info: {Using=xpath, value=//button[contains(@class,'btn btn-primary on-white disabled-btn')]}","trace":"org.openqa.selenium.NoSuchElementException: no such element: Unable to locate element: {\"method\":\"xpath\",\"selector\":\"//button[contains(@class,'btn btn-primary on-white disabled-btn')]\"}\n  (Session info: chrome=87.0.4280.141)\nFor documentation on this error, please visit: https://www.seleniumhq.org/exceptions/no_such_element.html\nBuild info: version: '3.141.59', revision: 'e82be7d358', time: '2018-11-14T08:17:03'\nSystem info: host: 'A-KAPRANCHUK-PC', ip: '10.62.52.17', os.name: 'Windows 10', os.arch: 'amd64', os.version: '10.0', java.version: '15.0.1'\nDriver info: org.openqa.selenium.chrome.ChromeDriver\nCapabilities {acceptInsecureCerts: false, browserName: chrome, browserVersion: 87.0.4280.141, chrome: {chromedriverVersion: 86.0.4240.22 (398b0743353ff..., userDataDir: C:\\Users\\AKAPRA~1\\AppData\\L...}, goog:chromeOptions: {debuggerAddress: localhost:19480}, javascriptEnabled: true, networkConnectionEnabled: false, pageLoadStrategy: normal, platform: WINDOWS, platformName: WINDOWS, proxy: Proxy(), setWindowRect: true, strictFileInteractability: false, timeouts: {implicit: 0, pageLoad: 300000, script: 30000}, unhandledPromptBehavior: dismiss and notify, webauthn:virtualAuthenticators: true}\nSession ID: e69fff29f4e9d1c01458d07fd6bfec50\n*** Element info: {Using=xpath, value=//button[contains(@class,'btn btn-primary on-white disabled-btn')]}\r\n\tat java.base/jdk.internal.reflect.NativeConstructorAccessorImpl.newInstance0(Native Method)\r\n\tat java.base/jdk.internal.reflect.NativeConstructorAccessorImpl.newInstance(NativeConstructorAccessorImpl.java:64)\r\n\tat java.base/jdk.internal.reflect.DelegatingConstructorAccessorImpl.newInstance(DelegatingConstructorAccessorImpl.java:45)\r\n\tat java.base/java.lang.reflect.Constructor.newInstanceWithCaller(Constructor.java:500)\r\n\tat java.base/java.lang.reflect.Constructor.newInstance(Constructor.java:481)\r\n\tat org.openqa.selenium.remote.http.W3CHttpResponseCodec.createException(W3CHttpResponseCodec.java:187)\r\n\tat org.openqa.selenium.remote.http.W3CHttpResponseCodec.decode(W3CHttpResponseCodec.java:122)\r\n\tat org.openqa.selenium.remote.http.W3CHttpResponseCodec.decode(W3CHttpResponseCodec.java:49)\r\n\tat org.openqa.selenium.remote.HttpCommandExecutor.execute(HttpCommandExecutor.java:158)\r\n\tat org.openqa.selenium.remote.service.DriverCommandExecutor.execute(DriverCommandExecutor.java:83)\r\n\tat org.openqa.selenium.remote.RemoteWebDriver.execute(RemoteWebDriver.java:552)\r\n\tat org.openqa.selenium.remote.RemoteWebDriver.findElement(RemoteWebDriver.java:323)\r\n\tat org.openqa.selenium.remote.RemoteWebDriver.findElementByXPath(RemoteWebDriver.java:428)\r\n\tat org.openqa.selenium.By$ByXPath.findElement(By.java:353)\r\n\tat org.openqa.selenium.remote.RemoteWebDriver.findElement(RemoteWebDriver.java:315)\r\n\tat org.openqa.selenium.support.pagefactory.DefaultElementLocator.findElement(DefaultElementLocator.java:69)\r\n\tat org.openqa.selenium.support.pagefactory.internal.LocatingElementHandler.invoke(LocatingElementHandler.java:38)\r\n\tat com.sun.proxy.$Proxy11.click(Unknown Source)\r\n\tat pages.home.NewMedicationRequestPage.ClickAdd(NewMedicationRequestPage.java:91)\r\n\tat tests.RequestMedicationTest.RequestMedicationTest(RequestMedicationTest.java:73)\r\n\tat java.base/jdk.internal.reflect.NativeMethodAccessorImpl.invoke0(Native Method)\r\n\tat java.base/jdk.internal.reflect.NativeMethodAccessorImpl.invoke(NativeMethodAccessorImpl.java:64)\r\n\tat java.base/jdk.internal.reflect.DelegatingMethodAccessorImpl.invoke(DelegatingMethodAccessorImpl.java:43)\r\n\tat java.base/java.lang.reflect.Method.invoke(Method.java:564)\r\n\tat org.testng.internal.MethodInvocationHelper.invokeMethod(MethodInvocationHelper.java:124)\r\n\tat org.testng.internal.Invoker.invokeMethod(Invoker.java:583)\r\n\tat org.testng.internal.Invoker.invokeTestMethod(Invoker.java:719)\r\n\tat org.testng.internal.Invoker.invokeTestMethods(Invoker.java:989)\r\n\tat org.testng.internal.TestMethodWorker.invokeTestMethods(TestMethodWorker.java:125)\r\n\tat org.testng.internal.TestMethodWorker.run(TestMethodWorker.java:109)\r\n\tat org.testng.TestRunner.privateRun(TestRunner.java:648)\r\n\tat org.testng.TestRunner.run(TestRunner.java:505)\r\n\tat org.testng.SuiteRunner.runTest(SuiteRunner.java:455)\r\n\tat org.testng.SuiteRunner.runSequentially(SuiteRunner.java:450)\r\n\tat org.testng.SuiteRunner.privateRun(SuiteRunner.java:415)\r\n\tat org.testng.SuiteRunner.run(SuiteRunner.java:364)\r\n\tat org.testng.SuiteRunnerWorker.runSuite(SuiteRunnerWorker.java:52)\r\n\tat org.testng.SuiteRunnerWorker.run(SuiteRunnerWorker.java:84)\r\n\tat org.testng.TestNG.runSuitesSequentially(TestNG.java:1208)\r\n\tat org.testng.TestNG.runSuitesLocally(TestNG.java:1137)\r\n\tat org.testng.TestNG.runSuites(TestNG.java:1049)\r\n\tat org.testng.TestNG.run(TestNG.java:1017)\r\n\tat com.intellij.rt.testng.IDEARemoteTestNG.run(IDEARemoteTestNG.java:66)\r\n\tat com.intellij.rt.testng.RemoteTestNGStarter.main(RemoteTestNGStarter.java:109)\r\n"},"stage":"finished","steps":[],"attachments":[],"parameters":[],"start":1611328875514,"stop":1611328885588}],"attachments":[],"parameters":[],"start":1611328859281,"stop":1611328885598,"uuid":"0227e1f9-e9fd-493b-8858-95e4c1763352","historyId":"42d74154636625546171b9afeeaa6f4d","fullName":"tests.RequestMedicationTest.RequestMedicationTest","labels":[{"name":"package","value":"tests.RequestMedicationTest"},{"name":"testClass","value":"tests.RequestMedicationTest"},{"name":"testMethod","value":"RequestMedicationTest"},{"name":"parentSuite","value":"Default Suite"},{"name":"suite","value":"hospitalrun.test.task"},{"name":"subSuite","value":"tests.RequestMedicationTest"},{"name":"host","value":"a-kapranchuk-pc"},{"name":"thread","value":"14872@a-kapranchuk-pc.main(1)"},{"name":"framework","value":"testng"},{"name":"language","value":"java"}],"links":[]}