{"name":"RequestMedicationTest","status":"broken","statusDetails":{"known":false,"muted":false,"flaky":false,"message":"Cannot locate an element using xpath=/html/body/div[1]/div/div[2]/div/div/div[1]/form/div[2]/div/span/div/div/div[1]\nFor documentation on this error, please visit: https://www.seleniumhq.org/exceptions/no_such_element.html\nBuild info: version: '3.141.59', revision: 'e82be7d358', time: '2018-11-14T08:17:03'\nSystem info: host: 'A-KAPRANCHUK-PC', ip: '10.62.52.17', os.name: 'Windows 10', os.arch: 'amd64', os.version: '10.0', java.version: '15.0.1'\nDriver info: driver.version: RemoteWebDriver","trace":"org.openqa.selenium.NoSuchElementException: Cannot locate an element using xpath=/html/body/div[1]/div/div[2]/div/div/div[1]/form/div[2]/div/span/div/div/div[1]\nFor documentation on this error, please visit: https://www.seleniumhq.org/exceptions/no_such_element.html\nBuild info: version: '3.141.59', revision: 'e82be7d358', time: '2018-11-14T08:17:03'\nSystem info: host: 'A-KAPRANCHUK-PC', ip: '10.62.52.17', os.name: 'Windows 10', os.arch: 'amd64', os.version: '10.0', java.version: '15.0.1'\nDriver info: driver.version: RemoteWebDriver\r\n\tat org.openqa.selenium.remote.RemoteWebDriver.findElement(RemoteWebDriver.java:327)\r\n\tat org.openqa.selenium.remote.RemoteWebDriver.findElementByXPath(RemoteWebDriver.java:428)\r\n\tat org.openqa.selenium.By$ByXPath.findElement(By.java:353)\r\n\tat org.openqa.selenium.remote.RemoteWebDriver.findElement(RemoteWebDriver.java:315)\r\n\tat org.openqa.selenium.support.pagefactory.DefaultElementLocator.findElement(DefaultElementLocator.java:69)\r\n\tat org.openqa.selenium.support.pagefactory.internal.LocatingElementHandler.invoke(LocatingElementHandler.java:38)\r\n\tat com.sun.proxy.$Proxy11.click(Unknown Source)\r\n\tat pages.home.NewMedicationRequestPage.ClickMedication(NewMedicationRequestPage.java:46)\r\n\tat tests.RequestMedicationTest.RequestMedicationTest(RequestMedicationTest.java:58)\r\n\tat java.base/jdk.internal.reflect.NativeMethodAccessorImpl.invoke0(Native Method)\r\n\tat java.base/jdk.internal.reflect.NativeMethodAccessorImpl.invoke(NativeMethodAccessorImpl.java:64)\r\n\tat java.base/jdk.internal.reflect.DelegatingMethodAccessorImpl.invoke(DelegatingMethodAccessorImpl.java:43)\r\n\tat java.base/java.lang.reflect.Method.invoke(Method.java:564)\r\n\tat org.testng.internal.MethodInvocationHelper.invokeMethod(MethodInvocationHelper.java:124)\r\n\tat org.testng.internal.Invoker.invokeMethod(Invoker.java:583)\r\n\tat org.testng.internal.Invoker.invokeTestMethod(Invoker.java:719)\r\n\tat org.testng.internal.Invoker.invokeTestMethods(Invoker.java:989)\r\n\tat org.testng.internal.TestMethodWorker.invokeTestMethods(TestMethodWorker.java:125)\r\n\tat org.testng.internal.TestMethodWorker.run(TestMethodWorker.java:109)\r\n\tat org.testng.TestRunner.privateRun(TestRunner.java:648)\r\n\tat org.testng.TestRunner.run(TestRunner.java:505)\r\n\tat org.testng.SuiteRunner.runTest(SuiteRunner.java:455)\r\n\tat org.testng.SuiteRunner.runSequentially(SuiteRunner.java:450)\r\n\tat org.testng.SuiteRunner.privateRun(SuiteRunner.java:415)\r\n\tat org.testng.SuiteRunner.run(SuiteRunner.java:364)\r\n\tat org.testng.SuiteRunnerWorker.runSuite(SuiteRunnerWorker.java:52)\r\n\tat org.testng.SuiteRunnerWorker.run(SuiteRunnerWorker.java:84)\r\n\tat org.testng.TestNG.runSuitesSequentially(TestNG.java:1208)\r\n\tat org.testng.TestNG.runSuitesLocally(TestNG.java:1137)\r\n\tat org.testng.TestNG.runSuites(TestNG.java:1049)\r\n\tat org.testng.TestNG.run(TestNG.java:1017)\r\n\tat com.intellij.rt.testng.IDEARemoteTestNG.run(IDEARemoteTestNG.java:66)\r\n\tat com.intellij.rt.testng.RemoteTestNGStarter.main(RemoteTestNGStarter.java:109)\r\n"},"stage":"finished","steps":[{"name":"Page title wait","status":"passed","stage":"finished","steps":[],"attachments":[],"parameters":[],"start":1611308244139,"stop":1611308244855},{"name":"Type in Username","status":"passed","stage":"finished","steps":[],"attachments":[],"parameters":[],"start":1611308244855,"stop":1611308245002},{"name":"Type in Password","status":"passed","stage":"finished","steps":[],"attachments":[],"parameters":[],"start":1611308245002,"stop":1611308245091},{"name":"Sign in","status":"passed","stage":"finished","steps":[],"attachments":[],"parameters":[],"start":1611308245091,"stop":1611308245157},{"name":"Wait for title","status":"passed","stage":"finished","steps":[],"attachments":[],"parameters":[],"start":1611308245158,"stop":1611308245200},{"name":"Click Medication","status":"passed","stage":"finished","steps":[],"attachments":[],"parameters":[],"start":1611308245200,"stop":1611308245649},{"name":"Wait for Requests","status":"passed","stage":"finished","steps":[],"attachments":[],"parameters":[],"start":1611308245649,"stop":1611308247288},{"name":"Verify the Request is present","status":"passed","stage":"finished","steps":[],"attachments":[],"parameters":[],"start":1611308247289,"stop":1611308247316},{"name":"Verify the Completed is present","status":"passed","stage":"finished","steps":[],"attachments":[],"parameters":[],"start":1611308247319,"stop":1611308247346},{"name":"Verify the NewRequest is present","status":"passed","stage":"finished","steps":[],"attachments":[],"parameters":[],"start":1611308247346,"stop":1611308247378},{"name":"Verify the ReturnMedication is present","status":"passed","stage":"finished","steps":[],"attachments":[],"parameters":[],"start":1611308247379,"stop":1611308247407},{"name":"Click New NewRequest","status":"passed","stage":"finished","steps":[],"attachments":[],"parameters":[],"start":1611308247407,"stop":1611308247604},{"name":"Type in by hands Patient ","status":"passed","stage":"finished","steps":[],"attachments":[],"parameters":[{"name":"webElement","value":"[[ChromeDriver: chrome on WINDOWS (bb4ed7e7d312cfe6f7b9a8dbea36ee23)] -> xpath: /html/body/div[1]/div/div[2]/div/div/div[1]/form/div[1]/div[1]/div/span/input[2]]"},{"name":"text","value":"Test Patient"}],"start":1611308247621,"stop":1611308254220},{"name":"Select “Test Patient - P00201” from dropdown ","status":"passed","stage":"finished","steps":[],"attachments":[],"parameters":[],"start":1611308254220,"stop":1611308254275},{"name":"Selecet Visit","status":"passed","stage":"finished","steps":[],"attachments":[],"parameters":[],"start":1611308254282,"stop":1611308255961},{"name":"Type in by hands Pramoxine","status":"passed","stage":"finished","steps":[],"attachments":[],"parameters":[{"name":"webElement","value":"[[ChromeDriver: chrome on WINDOWS (bb4ed7e7d312cfe6f7b9a8dbea36ee23)] -> xpath: /html/body/div[1]/div/div[2]/div/div/div[1]/form/div[1]/div[1]/div/span/input[2]]"},{"name":"text","value":"Pramoxine"}],"start":1611308255970,"stop":1611308260909},{"name":"Select Medication ","status":"broken","statusDetails":{"known":false,"muted":false,"flaky":false,"message":"Cannot locate an element using xpath=/html/body/div[1]/div/div[2]/div/div/div[1]/form/div[2]/div/span/div/div/div[1]\nFor documentation on this error, please visit: https://www.seleniumhq.org/exceptions/no_such_element.html\nBuild info: version: '3.141.59', revision: 'e82be7d358', time: '2018-11-14T08:17:03'\nSystem info: host: 'A-KAPRANCHUK-PC', ip: '10.62.52.17', os.name: 'Windows 10', os.arch: 'amd64', os.version: '10.0', java.version: '15.0.1'\nDriver info: driver.version: RemoteWebDriver","trace":"org.openqa.selenium.NoSuchElementException: Cannot locate an element using xpath=/html/body/div[1]/div/div[2]/div/div/div[1]/form/div[2]/div/span/div/div/div[1]\nFor documentation on this error, please visit: https://www.seleniumhq.org/exceptions/no_such_element.html\nBuild info: version: '3.141.59', revision: 'e82be7d358', time: '2018-11-14T08:17:03'\nSystem info: host: 'A-KAPRANCHUK-PC', ip: '10.62.52.17', os.name: 'Windows 10', os.arch: 'amd64', os.version: '10.0', java.version: '15.0.1'\nDriver info: driver.version: RemoteWebDriver\r\n\tat org.openqa.selenium.remote.RemoteWebDriver.findElement(RemoteWebDriver.java:327)\r\n\tat org.openqa.selenium.remote.RemoteWebDriver.findElementByXPath(RemoteWebDriver.java:428)\r\n\tat org.openqa.selenium.By$ByXPath.findElement(By.java:353)\r\n\tat org.openqa.selenium.remote.RemoteWebDriver.findElement(RemoteWebDriver.java:315)\r\n\tat org.openqa.selenium.support.pagefactory.DefaultElementLocator.findElement(DefaultElementLocator.java:69)\r\n\tat org.openqa.selenium.support.pagefactory.internal.LocatingElementHandler.invoke(LocatingElementHandler.java:38)\r\n\tat com.sun.proxy.$Proxy11.click(Unknown Source)\r\n\tat pages.home.NewMedicationRequestPage.ClickMedication(NewMedicationRequestPage.java:46)\r\n\tat tests.RequestMedicationTest.RequestMedicationTest(RequestMedicationTest.java:58)\r\n\tat java.base/jdk.internal.reflect.NativeMethodAccessorImpl.invoke0(Native Method)\r\n\tat java.base/jdk.internal.reflect.NativeMethodAccessorImpl.invoke(NativeMethodAccessorImpl.java:64)\r\n\tat java.base/jdk.internal.reflect.DelegatingMethodAccessorImpl.invoke(DelegatingMethodAccessorImpl.java:43)\r\n\tat java.base/java.lang.reflect.Method.invoke(Method.java:564)\r\n\tat org.testng.internal.MethodInvocationHelper.invokeMethod(MethodInvocationHelper.java:124)\r\n\tat org.testng.internal.Invoker.invokeMethod(Invoker.java:583)\r\n\tat org.testng.internal.Invoker.invokeTestMethod(Invoker.java:719)\r\n\tat org.testng.internal.Invoker.invokeTestMethods(Invoker.java:989)\r\n\tat org.testng.internal.TestMethodWorker.invokeTestMethods(TestMethodWorker.java:125)\r\n\tat org.testng.internal.TestMethodWorker.run(TestMethodWorker.java:109)\r\n\tat org.testng.TestRunner.privateRun(TestRunner.java:648)\r\n\tat org.testng.TestRunner.run(TestRunner.java:505)\r\n\tat org.testng.SuiteRunner.runTest(SuiteRunner.java:455)\r\n\tat org.testng.SuiteRunner.runSequentially(SuiteRunner.java:450)\r\n\tat org.testng.SuiteRunner.privateRun(SuiteRunner.java:415)\r\n\tat org.testng.SuiteRunner.run(SuiteRunner.java:364)\r\n\tat org.testng.SuiteRunnerWorker.runSuite(SuiteRunnerWorker.java:52)\r\n\tat org.testng.SuiteRunnerWorker.run(SuiteRunnerWorker.java:84)\r\n\tat org.testng.TestNG.runSuitesSequentially(TestNG.java:1208)\r\n\tat org.testng.TestNG.runSuitesLocally(TestNG.java:1137)\r\n\tat org.testng.TestNG.runSuites(TestNG.java:1049)\r\n\tat org.testng.TestNG.run(TestNG.java:1017)\r\n\tat com.intellij.rt.testng.IDEARemoteTestNG.run(IDEARemoteTestNG.java:66)\r\n\tat com.intellij.rt.testng.RemoteTestNGStarter.main(RemoteTestNGStarter.java:109)\r\n"},"stage":"finished","steps":[],"attachments":[],"parameters":[],"start":1611308260909,"stop":1611308272451}],"attachments":[],"parameters":[],"start":1611308244137,"stop":1611308272461,"uuid":"4632062b-0fd9-40ea-bfbf-c808a39f9814","historyId":"42d74154636625546171b9afeeaa6f4d","fullName":"tests.RequestMedicationTest.RequestMedicationTest","labels":[{"name":"package","value":"tests.RequestMedicationTest"},{"name":"testClass","value":"tests.RequestMedicationTest"},{"name":"testMethod","value":"RequestMedicationTest"},{"name":"parentSuite","value":"Default Suite"},{"name":"suite","value":"hospitalrun.test.task"},{"name":"subSuite","value":"tests.RequestMedicationTest"},{"name":"host","value":"a-kapranchuk-pc"},{"name":"thread","value":"9680@a-kapranchuk-pc.main(1)"},{"name":"framework","value":"testng"},{"name":"language","value":"java"}],"links":[]}