<?xml version="1.0" encoding="UTF-8"?>
<testsuite xmlns:xsi="http://www.w3.org/2001/XMLSchema-instance" xsi:noNamespaceSchemaLocation="https://maven.apache.org/surefire/maven-surefire-plugin/xsd/surefire-test-report.xsd" name="TestSuite" time="3.73" tests="6" errors="0" skipped="3" failures="3">
  <properties>
    <property name="java.specification.version" value="15"/>
    <property name="sun.cpu.isalist" value="amd64"/>
    <property name="sun.jnu.encoding" value="Cp1251"/>
    <property name="java.class.path" value="C:\Program Files\JetBrains\IntelliJ IDEA Community Edition 2020.2.1\plugins\maven\lib\maven3\boot\plexus-classworlds-2.6.0.jar;C:\Program Files\JetBrains\IntelliJ IDEA Community Edition 2020.2.1\plugins\maven\lib\maven3\boot\plexus-classworlds.license"/>
    <property name="java.vm.vendor" value="Oracle Corporation"/>
    <property name="sun.arch.data.model" value="64"/>
    <property name="user.variant" value=""/>
    <property name="java.vendor.url" value="https://java.oracle.com/"/>
    <property name="user.timezone" value="Europe/Kiev"/>
    <property name="maven.conf" value="C:\Program Files\JetBrains\IntelliJ IDEA Community Edition 2020.2.1\plugins\maven\lib\maven3/conf"/>
    <property name="java.vm.specification.version" value="15"/>
    <property name="os.name" value="Windows 10"/>
    <property name="sun.java.launcher" value="SUN_STANDARD"/>
    <property name="user.country" value="UA"/>
    <property name="sun.boot.library.path" value="C:\Program Files\Java\jdk-15.0.1\bin"/>
    <property name="sun.java.command" value="org.codehaus.classworlds.Launcher -Didea.version=2020.3.1 test"/>
    <property name="jdk.debug" value="release"/>
    <property name="maven.home" value="C:\Program Files\JetBrains\IntelliJ IDEA Community Edition 2020.2.1\plugins\maven\lib\maven3"/>
    <property name="sun.cpu.endian" value="little"/>
    <property name="user.home" value="C:\Users\akapranchuk"/>
    <property name="user.language" value="uk"/>
    <property name="java.specification.vendor" value="Oracle Corporation"/>
    <property name="java.version.date" value="2020-10-20"/>
    <property name="java.home" value="C:\Program Files\Java\jdk-15.0.1"/>
    <property name="file.separator" value="\"/>
    <property name="java.vm.compressedOopsMode" value="Zero based"/>
    <property name="line.separator" value="&#10;"/>
    <property name="java.vm.specification.vendor" value="Oracle Corporation"/>
    <property name="java.specification.name" value="Java Platform API Specification"/>
    <property name="user.script" value=""/>
    <property name="sun.management.compiler" value="HotSpot 64-Bit Tiered Compilers"/>
    <property name="java.runtime.version" value="15.0.1+9-18"/>
    <property name="user.name" value="akapranchuk"/>
    <property name="path.separator" value=";"/>
    <property name="os.version" value="10.0"/>
    <property name="java.runtime.name" value="Java(TM) SE Runtime Environment"/>
    <property name="file.encoding" value="UTF-8"/>
    <property name="guice.disable.misplaced.annotation.check" value="true"/>
    <property name="java.vm.name" value="Java HotSpot(TM) 64-Bit Server VM"/>
    <property name="maven.ext.class.path" value="C:\Program Files\JetBrains\IntelliJ IDEA Community Edition 2020.2.1\plugins\maven\lib\maven-event-listener.jar"/>
    <property name="java.vendor.url.bug" value="https://bugreport.java.com/bugreport/"/>
    <property name="java.io.tmpdir" value="C:\Users\AKAPRA~1\AppData\Local\Temp\"/>
    <property name="idea.version" value="2020.3.1"/>
    <property name="java.version" value="15.0.1"/>
    <property name="user.dir" value="C:\Users\akapranchuk\IdeaProjects\hospitalrun.test.task"/>
    <property name="os.arch" value="amd64"/>
    <property name="maven.multiModuleProjectDirectory" value="C:\Users\akapranchuk\IdeaProjects\hospitalrun.test.task"/>
    <property name="java.vm.specification.name" value="Java Virtual Machine Specification"/>
    <property name="sun.os.patch.level" value=""/>
    <property name="java.library.path" value="C:\Program Files\Java\jdk-15.0.1\bin;C:\WINDOWS\Sun\Java\bin;C:\WINDOWS\system32;C:\WINDOWS;C:\Program Files\Common Files\Oracle\Java\javapath;C:\ProgramData\Oracle\Java\javapath;C:\Program Files (x86)\Common Files\Oracle\Java\javapath;C:\Program Files\AdoptOpenJDK\jre-11.0.3.7-hotspot\bin;C:\Windows\system32;C:\Windows;C:\Windows\System32\Wbem;C:\Windows\System32\WindowsPowerShell\v1.0\;C:\Windows\System32\OpenSSH\;C:\Users\akapranchuk\AppData\Local\Android\Sdk\platform-tools;C:\Program Files\PuTTY\;C:\Program Files (x86)\Bitvise SSH Client;C:\WINDOWS\system32;C:\WINDOWS;C:\WINDOWS\System32\Wbem;C:\WINDOWS\System32\WindowsPowerShell\v1.0\;C:\WINDOWS\System32\OpenSSH\;C:\Program Files (x86)\Common Files\Acronis\SnapAPI\;C:\Program Files (x86)\NVIDIA Corporation\PhysX\Common;C:\Program Files\Git\cmd;C:\Program Files\apache-maven-3.6.3\bin;C:\Program Files\Java\jdk-15.0.1;&quot;;C:\Program Files\Java\jdk-15.0.1\bin;&quot;;&quot;;C:\Program Files\apache-maven-3.6.3\bin;&quot;;C:\allure-commandline\bin;C:\Users\akapranchuk\AppData\Local\Microsoft\WindowsApps;C:\Users\akapranchuk\AppData\Local\Programs\Fiddler;C:\Users\akapranchuk\AppData\Local\Microsoft\WindowsApps;&quot;;C:\Program Files\Java\jdk-15.0.1\bin;&quot;;&quot;;C:\Program Files\apache-maven-3.6.3\bin;&quot;;C:\Program Files\Java\jdk-15.0.1\bin;C:\Program Files\Java\jdk-15.0.1;&quot;% CLASSPATH%;% TESTNG_HOME% \ testng-6.8.jar.&quot;;C:\allure-commandline\bin;;."/>
    <property name="java.vm.info" value="mixed mode, sharing"/>
    <property name="java.vendor" value="Oracle Corporation"/>
    <property name="java.vm.version" value="15.0.1+9-18"/>
    <property name="classworlds.conf" value="C:\Program Files\JetBrains\IntelliJ IDEA Community Edition 2020.2.1\plugins\maven\lib\maven3\bin\m2.conf"/>
    <property name="sun.io.unicode.encoding" value="UnicodeLittle"/>
    <property name="java.class.version" value="59.0"/>
  </properties>
  <testcase name="setUp" classname="tests.LoginPageTest" time="3.511">
    <failure message="Expecting a stackmap frame at branch target 37&#10;Exception Details:&#10;  Location:&#10;    pages/home/LoginPage.TypeInInvalidUserName()V @9: invokestatic&#10;  Reason:&#10;    Expected stackmap frame at this location.&#10;  Bytecode:&#10;    0000000: b200 b72a 2ab8 0094 4cb8 009a 2bb6 009e&#10;    0000010: 2ab4 004a 04bd 004d 5903 125c 53b9 0051&#10;    0000020: 0200 a700 0d4d b800 9a2c b600 a22c bfb8&#10;    0000030: 009a b600 a5b1                         &#10;  Exception Handler Table:&#10;    bci [9, 37] =&gt; handler: 37&#10;" type="java.lang.VerifyError">java.lang.VerifyError: 
Expecting a stackmap frame at branch target 37
Exception Details:
  Location:
    pages/home/LoginPage.TypeInInvalidUserName()V @9: invokestatic
  Reason:
    Expected stackmap frame at this location.
  Bytecode:
    0000000: b200 b72a 2ab8 0094 4cb8 009a 2bb6 009e
    0000010: 2ab4 004a 04bd 004d 5903 125c 53b9 0051
    0000020: 0200 a700 0d4d b800 9a2c b600 a22c bfb8
    0000030: 009a b600 a5b1                         
  Exception Handler Table:
    bci [9, 37] => handler: 37

	at tests.LoginPageTest.setUp(LoginPageTest.java:20)
</failure>
    <system-err><![CDATA[SLF4J: Failed to load class "org.slf4j.impl.StaticLoggerBinder".
SLF4J: Defaulting to no-operation (NOP) logger implementation
SLF4J: See http://www.slf4j.org/codes.html#StaticLoggerBinder for further details.
Starting ChromeDriver 86.0.4240.22 (398b0743353ff36fb1b82468f63a3a93b4e2e89e-refs/branch-heads/4240@{#378}) on port 27886
Only local connections are allowed.
Please see https://chromedriver.chromium.org/security-considerations for suggestions on keeping ChromeDriver safe.
ChromeDriver was started successfully.
[1611156842.957][WARNING]: This version of ChromeDriver has not been tested with Chrome version 87.
січ. 20, 2021 5:34:03 ПП org.openqa.selenium.remote.ProtocolHandshake createSession
INFO: Detected dialect: W3C
AspectJ Internal Error: unable to add stackmap attributes. null
січ. 20, 2021 5:34:03 ПП org.aspectj.weaver.tools.Jdk14Trace error
SEVERE: pages/home/HomePage
org.aspectj.weaver.BCException: Unable to find Asm for stackmap generation (Looking for 'aj.org.objectweb.asm.ClassReader'). Stackmap generation for woven code is required to avoid verify errors on a Java 1.7 or higher runtime
when weaving type pages.home.HomePage
when weaving classes 
when weaving 

	at org.aspectj.weaver.bcel.LazyClassGen.getJavaClassBytesIncludingReweavable(LazyClassGen.java:703)
	at org.aspectj.weaver.bcel.BcelWeaver.getClassFilesFor(BcelWeaver.java:1451)
	at org.aspectj.weaver.bcel.BcelWeaver.weaveAndNotify(BcelWeaver.java:1413)
	at org.aspectj.weaver.bcel.BcelWeaver.weave(BcelWeaver.java:1191)
	at org.aspectj.weaver.tools.WeavingAdaptor.getWovenBytes(WeavingAdaptor.java:527)
	at org.aspectj.weaver.tools.WeavingAdaptor.weaveClass(WeavingAdaptor.java:363)
	at org.aspectj.weaver.loadtime.Aj.preProcess(Aj.java:121)
	at org.aspectj.weaver.loadtime.ClassPreProcessorAgentAdapter.transform(ClassPreProcessorAgentAdapter.java:54)
	at java.instrument/java.lang.instrument.ClassFileTransformer.transform(ClassFileTransformer.java:246)
	at java.instrument/sun.instrument.TransformerManager.transform(TransformerManager.java:188)
	at java.instrument/sun.instrument.InstrumentationImpl.transform(InstrumentationImpl.java:563)
	at java.base/java.lang.ClassLoader.defineClass1(Native Method)
	at java.base/java.lang.ClassLoader.defineClass(ClassLoader.java:1016)
	at java.base/java.security.SecureClassLoader.defineClass(SecureClassLoader.java:151)
	at java.base/jdk.internal.loader.BuiltinClassLoader.defineClass(BuiltinClassLoader.java:825)
	at java.base/jdk.internal.loader.BuiltinClassLoader.findClassOnClassPathOrNull(BuiltinClassLoader.java:723)
	at java.base/jdk.internal.loader.BuiltinClassLoader.loadClassOrNull(BuiltinClassLoader.java:646)
	at java.base/jdk.internal.loader.BuiltinClassLoader.loadClass(BuiltinClassLoader.java:604)
	at java.base/jdk.internal.loader.ClassLoaders$AppClassLoader.loadClass(ClassLoaders.java:168)
	at java.base/java.lang.ClassLoader.loadClass(ClassLoader.java:522)
	at java.base/java.lang.Class.getDeclaredFields0(Native Method)
	at java.base/java.lang.Class.privateGetDeclaredFields(Class.java:3220)
	at java.base/java.lang.Class.getDeclaredFields(Class.java:2341)
	at io.qameta.allure.testng.AllureTestNg.getParameters(AllureTestNg.java:654)
	at io.qameta.allure.testng.AllureTestNg.startTestCase(AllureTestNg.java:288)
	at io.qameta.allure.testng.AllureTestNg.startTestCase(AllureTestNg.java:249)
	at io.qameta.allure.testng.AllureTestNg.onConfigurationFailure(AllureTestNg.java:501)
	at org.testng.internal.TestListenerHelper.runPostConfigurationListeners(TestListenerHelper.java:40)
	at org.testng.internal.Invoker.runConfigurationListeners(Invoker.java:1384)
	at org.testng.internal.Invoker.handleConfigurationFailure(Invoker.java:271)
	at org.testng.internal.Invoker.invokeConfigurations(Invoker.java:227)
	at org.testng.internal.Invoker.invokeMethod(Invoker.java:523)
	at org.testng.internal.Invoker.invokeTestMethod(Invoker.java:719)
	at org.testng.internal.Invoker.invokeTestMethods(Invoker.java:989)
	at org.testng.internal.TestMethodWorker.invokeTestMethods(TestMethodWorker.java:125)
	at org.testng.internal.TestMethodWorker.run(TestMethodWorker.java:109)
	at org.testng.TestRunner.privateRun(TestRunner.java:648)
	at org.testng.TestRunner.run(TestRunner.java:505)
	at org.testng.SuiteRunner.runTest(SuiteRunner.java:455)
	at org.testng.SuiteRunner.runSequentially(SuiteRunner.java:450)
	at org.testng.SuiteRunner.privateRun(SuiteRunner.java:415)
	at org.testng.SuiteRunner.run(SuiteRunner.java:364)
	at org.testng.SuiteRunnerWorker.runSuite(SuiteRunnerWorker.java:52)
	at org.testng.SuiteRunnerWorker.run(SuiteRunnerWorker.java:84)
	at org.testng.TestNG.runSuitesSequentially(TestNG.java:1208)
	at org.testng.TestNG.runSuitesLocally(TestNG.java:1137)
	at org.testng.TestNG.runSuites(TestNG.java:1049)
	at org.testng.TestNG.run(TestNG.java:1017)
	at org.apache.maven.surefire.testng.TestNGExecutor.run(TestNGExecutor.java:135)
	at org.apache.maven.surefire.testng.TestNGDirectoryTestSuite.executeMulti(TestNGDirectoryTestSuite.java:193)
	at org.apache.maven.surefire.testng.TestNGDirectoryTestSuite.execute(TestNGDirectoryTestSuite.java:94)
	at org.apache.maven.surefire.testng.TestNGProvider.invoke(TestNGProvider.java:146)
	at org.apache.maven.surefire.booter.ForkedBooter.invokeProviderInSameClassLoader(ForkedBooter.java:386)
	at org.apache.maven.surefire.booter.ForkedBooter.runSuitesInProcess(ForkedBooter.java:323)
	at org.apache.maven.surefire.booter.ForkedBooter.main(ForkedBooter.java:143)

січ. 20, 2021 5:34:03 ПП org.aspectj.weaver.tools.Jdk14Trace info
INFO: Dumping to C:\Users\akapranchuk\IdeaProjects\hospitalrun.test.task\.\ajcore.20210120.173403.459.txt
січ. 20, 2021 5:34:03 ПП org.aspectj.weaver.tools.Jdk14Trace error
SEVERE: pages/blocks/LeftBar
org.aspectj.weaver.BCException: Unable to find Asm for stackmap generation (Looking for 'aj.org.objectweb.asm.ClassReader'). Stackmap generation for woven code is required to avoid verify errors on a Java 1.7 or higher runtime
when weaving type pages.blocks.LeftBar
when weaving classes 
when weaving 

	at org.aspectj.weaver.bcel.LazyClassGen.getJavaClassBytesIncludingReweavable(LazyClassGen.java:703)
	at org.aspectj.weaver.bcel.BcelWeaver.getClassFilesFor(BcelWeaver.java:1451)
	at org.aspectj.weaver.bcel.BcelWeaver.weaveAndNotify(BcelWeaver.java:1413)
	at org.aspectj.weaver.bcel.BcelWeaver.weave(BcelWeaver.java:1191)
	at org.aspectj.weaver.tools.WeavingAdaptor.getWovenBytes(WeavingAdaptor.java:527)
	at org.aspectj.weaver.tools.WeavingAdaptor.weaveClass(WeavingAdaptor.java:363)
	at org.aspectj.weaver.loadtime.Aj.preProcess(Aj.java:121)
	at org.aspectj.weaver.loadtime.ClassPreProcessorAgentAdapter.transform(ClassPreProcessorAgentAdapter.java:54)
	at java.instrument/java.lang.instrument.ClassFileTransformer.transform(ClassFileTransformer.java:246)
	at java.instrument/sun.instrument.TransformerManager.transform(TransformerManager.java:188)
	at java.instrument/sun.instrument.InstrumentationImpl.transform(InstrumentationImpl.java:563)
	at java.base/java.lang.ClassLoader.defineClass1(Native Method)
	at java.base/java.lang.ClassLoader.defineClass(ClassLoader.java:1016)
	at java.base/java.security.SecureClassLoader.defineClass(SecureClassLoader.java:151)
	at java.base/jdk.internal.loader.BuiltinClassLoader.defineClass(BuiltinClassLoader.java:825)
	at java.base/jdk.internal.loader.BuiltinClassLoader.findClassOnClassPathOrNull(BuiltinClassLoader.java:723)
	at java.base/jdk.internal.loader.BuiltinClassLoader.loadClassOrNull(BuiltinClassLoader.java:646)
	at java.base/jdk.internal.loader.BuiltinClassLoader.loadClass(BuiltinClassLoader.java:604)
	at java.base/jdk.internal.loader.ClassLoaders$AppClassLoader.loadClass(ClassLoaders.java:168)
	at java.base/java.lang.ClassLoader.loadClass(ClassLoader.java:522)
	at java.base/java.lang.Class.getDeclaredFields0(Native Method)
	at java.base/java.lang.Class.privateGetDeclaredFields(Class.java:3220)
	at java.base/java.lang.Class.getDeclaredFields(Class.java:2341)
	at io.qameta.allure.testng.AllureTestNg.getParameters(AllureTestNg.java:654)
	at io.qameta.allure.testng.AllureTestNg.startTestCase(AllureTestNg.java:288)
	at io.qameta.allure.testng.AllureTestNg.startTestCase(AllureTestNg.java:249)
	at io.qameta.allure.testng.AllureTestNg.onConfigurationFailure(AllureTestNg.java:501)
	at org.testng.internal.TestListenerHelper.runPostConfigurationListeners(TestListenerHelper.java:40)
	at org.testng.internal.Invoker.runConfigurationListeners(Invoker.java:1384)
	at org.testng.internal.Invoker.handleConfigurationFailure(Invoker.java:271)
	at org.testng.internal.Invoker.invokeConfigurations(Invoker.java:227)
	at org.testng.internal.Invoker.invokeMethod(Invoker.java:523)
	at org.testng.internal.Invoker.invokeTestMethod(Invoker.java:719)
	at org.testng.internal.Invoker.invokeTestMethods(Invoker.java:989)
	at org.testng.internal.TestMethodWorker.invokeTestMethods(TestMethodWorker.java:125)
	at org.testng.internal.TestMethodWorker.run(TestMethodWorker.java:109)
	at org.testng.TestRunner.privateRun(TestRunner.java:648)
	at org.testng.TestRunner.run(TestRunner.java:505)
	at org.testng.SuiteRunner.runTest(SuiteRunner.java:455)
	at org.testng.SuiteRunner.runSequentially(SuiteRunner.java:450)
	at org.testng.SuiteRunner.privateRun(SuiteRunner.java:415)
	at org.testng.SuiteRunner.run(SuiteRunner.java:364)
	at org.testng.SuiteRunnerWorker.runSuite(SuiteRunnerWorker.java:52)
	at org.testng.SuiteRunnerWorker.run(SuiteRunnerWorker.java:84)
	at org.testng.TestNG.runSuitesSequentially(TestNG.java:1208)
	at org.testng.TestNG.runSuitesLocally(TestNG.java:1137)
	at org.testng.TestNG.runSuites(TestNG.java:1049)
	at org.testng.TestNG.run(TestNG.java:1017)
	at org.apache.maven.surefire.testng.TestNGExecutor.run(TestNGExecutor.java:135)
	at org.apache.maven.surefire.testng.TestNGDirectoryTestSuite.executeMulti(TestNGDirectoryTestSuite.java:193)
	at org.apache.maven.surefire.testng.TestNGDirectoryTestSuite.execute(TestNGDirectoryTestSuite.java:94)
	at org.apache.maven.surefire.testng.TestNGProvider.invoke(TestNGProvider.java:146)
	at org.apache.maven.surefire.booter.ForkedBooter.invokeProviderInSameClassLoader(ForkedBooter.java:386)
	at org.apache.maven.surefire.booter.ForkedBooter.runSuitesInProcess(ForkedBooter.java:323)
	at org.apache.maven.surefire.booter.ForkedBooter.main(ForkedBooter.java:143)

січ. 20, 2021 5:34:03 ПП org.aspectj.weaver.tools.Jdk14Trace info
INFO: Dumping to C:\Users\akapranchuk\IdeaProjects\hospitalrun.test.task\.\ajcore.20210120.173403.478.txt
]]></system-err>
  </testcase>
  <testcase name="LoginTest" classname="tests.LoginPageTest" time="0">
    <skipped message="Expecting a stackmap frame at branch target 37&#10;Exception Details:&#10;  Location:&#10;    pages/home/LoginPage.TypeInInvalidUserName()V @9: invokestatic&#10;  Reason:&#10;    Expected stackmap frame at this location.&#10;  Bytecode:&#10;    0000000: b200 b72a 2ab8 0094 4cb8 009a 2bb6 009e&#10;    0000010: 2ab4 004a 04bd 004d 5903 125c 53b9 0051&#10;    0000020: 0200 a700 0d4d b800 9a2c b600 a22c bfb8&#10;    0000030: 009a b600 a5b1                         &#10;  Exception Handler Table:&#10;    bci [9, 37] =&gt; handler: 37&#10;"/>
  </testcase>
  <testcase name="setUp" classname="tests.LoginPageInvalidTest" time="3.535">
    <failure message="Expecting a stackmap frame at branch target 37&#10;Exception Details:&#10;  Location:&#10;    pages/home/LoginPage.TypeInInvalidUserName()V @9: invokestatic&#10;  Reason:&#10;    Expected stackmap frame at this location.&#10;  Bytecode:&#10;    0000000: b200 b72a 2ab8 0094 4cb8 009a 2bb6 009e&#10;    0000010: 2ab4 004a 04bd 004d 5903 125c 53b9 0051&#10;    0000020: 0200 a700 0d4d b800 9a2c b600 a22c bfb8&#10;    0000030: 009a b600 a5b1                         &#10;  Exception Handler Table:&#10;    bci [9, 37] =&gt; handler: 37&#10;" type="java.lang.VerifyError">java.lang.VerifyError: 
Expecting a stackmap frame at branch target 37
Exception Details:
  Location:
    pages/home/LoginPage.TypeInInvalidUserName()V @9: invokestatic
  Reason:
    Expected stackmap frame at this location.
  Bytecode:
    0000000: b200 b72a 2ab8 0094 4cb8 009a 2bb6 009e
    0000010: 2ab4 004a 04bd 004d 5903 125c 53b9 0051
    0000020: 0200 a700 0d4d b800 9a2c b600 a22c bfb8
    0000030: 009a b600 a5b1                         
  Exception Handler Table:
    bci [9, 37] => handler: 37

	at tests.LoginPageInvalidTest.setUp(LoginPageInvalidTest.java:20)
</failure>
  </testcase>
  <testcase name="InvalidDataLoginTest" classname="tests.LoginPageInvalidTest" time="0">
    <skipped message="Expecting a stackmap frame at branch target 37&#10;Exception Details:&#10;  Location:&#10;    pages/home/LoginPage.TypeInInvalidUserName()V @9: invokestatic&#10;  Reason:&#10;    Expected stackmap frame at this location.&#10;  Bytecode:&#10;    0000000: b200 b72a 2ab8 0094 4cb8 009a 2bb6 009e&#10;    0000010: 2ab4 004a 04bd 004d 5903 125c 53b9 0051&#10;    0000020: 0200 a700 0d4d b800 9a2c b600 a22c bfb8&#10;    0000030: 009a b600 a5b1                         &#10;  Exception Handler Table:&#10;    bci [9, 37] =&gt; handler: 37&#10;"/>
  </testcase>
  <testcase name="setUp" classname="tests.LoginPageLogoutTest" time="3.571">
    <failure message="Expecting a stackmap frame at branch target 37&#10;Exception Details:&#10;  Location:&#10;    pages/home/LoginPage.TypeInInvalidUserName()V @9: invokestatic&#10;  Reason:&#10;    Expected stackmap frame at this location.&#10;  Bytecode:&#10;    0000000: b200 b72a 2ab8 0094 4cb8 009a 2bb6 009e&#10;    0000010: 2ab4 004a 04bd 004d 5903 125c 53b9 0051&#10;    0000020: 0200 a700 0d4d b800 9a2c b600 a22c bfb8&#10;    0000030: 009a b600 a5b1                         &#10;  Exception Handler Table:&#10;    bci [9, 37] =&gt; handler: 37&#10;" type="java.lang.VerifyError">java.lang.VerifyError: 
Expecting a stackmap frame at branch target 37
Exception Details:
  Location:
    pages/home/LoginPage.TypeInInvalidUserName()V @9: invokestatic
  Reason:
    Expected stackmap frame at this location.
  Bytecode:
    0000000: b200 b72a 2ab8 0094 4cb8 009a 2bb6 009e
    0000010: 2ab4 004a 04bd 004d 5903 125c 53b9 0051
    0000020: 0200 a700 0d4d b800 9a2c b600 a22c bfb8
    0000030: 009a b600 a5b1                         
  Exception Handler Table:
    bci [9, 37] => handler: 37

	at tests.LoginPageLogoutTest.setUp(LoginPageLogoutTest.java:18)
</failure>
  </testcase>
  <testcase name="LogoutTest" classname="tests.LoginPageLogoutTest" time="0">
    <skipped message="Expecting a stackmap frame at branch target 37&#10;Exception Details:&#10;  Location:&#10;    pages/home/LoginPage.TypeInInvalidUserName()V @9: invokestatic&#10;  Reason:&#10;    Expected stackmap frame at this location.&#10;  Bytecode:&#10;    0000000: b200 b72a 2ab8 0094 4cb8 009a 2bb6 009e&#10;    0000010: 2ab4 004a 04bd 004d 5903 125c 53b9 0051&#10;    0000020: 0200 a700 0d4d b800 9a2c b600 a22c bfb8&#10;    0000030: 009a b600 a5b1                         &#10;  Exception Handler Table:&#10;    bci [9, 37] =&gt; handler: 37&#10;"/>
  </testcase>
</testsuite>